2024-12-07T00:00:40.301+07:00  INFO 12276 --- [GoldenNest] [http-nio-8080-exec-1] o.a.c.c.C.[Tomcat].[localhost].[/]       : Initializing Spring DispatcherServlet 'dispatcherServlet'
2024-12-07T00:00:40.311+07:00  INFO 12276 --- [GoldenNest] [http-nio-8080-exec-1] o.s.web.servlet.DispatcherServlet        : Initializing Servlet 'dispatcherServlet'
2024-12-07T00:00:40.313+07:00  INFO 12276 --- [GoldenNest] [http-nio-8080-exec-1] o.s.web.servlet.DispatcherServlet        : Completed initialization in 2 ms
2024-12-07T00:00:41.252+07:00  INFO 12276 --- [GoldenNest] [http-nio-8080-exec-9] o.springdoc.api.AbstractOpenApiResource  : Init duration for springdoc-openapi is: 694 ms
2024-12-07T00:02:23.741+07:00  INFO 12276 --- [GoldenNest] [SpringApplicationShutdownHook] com.zaxxer.hikari.HikariDataSource       : HikariPool-1 - Shutdown initiated...
2024-12-07T00:02:23.758+07:00  INFO 12276 --- [GoldenNest] [SpringApplicationShutdownHook] com.zaxxer.hikari.HikariDataSource       : HikariPool-1 - Shutdown completed.
2024-12-07T00:07:43.156+07:00  INFO 23168 --- [GoldenNest] [main] c.e.GoldenNest.GoldenNestApplication     : Starting GoldenNestApplication using Java 21.0.2 with PID 23168 (E:\NTB Source Code\Back-end\Spring Boot\GoldenNest-BE\target\classes started by ntb09 in E:\NTB Source Code\Back-end\Spring Boot\GoldenNest-BE)
2024-12-07T00:07:43.158+07:00  INFO 23168 --- [GoldenNest] [main] c.e.GoldenNest.GoldenNestApplication     : No active profile set, falling back to 1 default profile: "default"
2024-12-07T00:07:44.153+07:00  INFO 23168 --- [GoldenNest] [main] .s.d.r.c.RepositoryConfigurationDelegate : Bootstrapping Spring Data JPA repositories in DEFAULT mode.
2024-12-07T00:07:44.229+07:00  INFO 23168 --- [GoldenNest] [main] .s.d.r.c.RepositoryConfigurationDelegate : Finished Spring Data repository scanning in 68 ms. Found 6 JPA repository interfaces.
2024-12-07T00:07:45.012+07:00  INFO 23168 --- [GoldenNest] [main] o.s.b.w.embedded.tomcat.TomcatWebServer  : Tomcat initialized with port 8080 (http)
2024-12-07T00:07:45.035+07:00  INFO 23168 --- [GoldenNest] [main] o.apache.catalina.core.StandardService   : Starting service [Tomcat]
2024-12-07T00:07:45.036+07:00  INFO 23168 --- [GoldenNest] [main] o.apache.catalina.core.StandardEngine    : Starting Servlet engine: [Apache Tomcat/10.1.19]
2024-12-07T00:07:45.122+07:00  INFO 23168 --- [GoldenNest] [main] o.a.c.c.C.[Tomcat].[localhost].[/]       : Initializing Spring embedded WebApplicationContext
2024-12-07T00:07:45.123+07:00  INFO 23168 --- [GoldenNest] [main] w.s.c.ServletWebServerApplicationContext : Root WebApplicationContext: initialization completed in 1917 ms
2024-12-07T00:07:45.274+07:00  INFO 23168 --- [GoldenNest] [main] com.zaxxer.hikari.HikariDataSource       : HikariPool-1 - Starting...
2024-12-07T00:07:45.709+07:00  INFO 23168 --- [GoldenNest] [main] com.zaxxer.hikari.pool.HikariPool        : HikariPool-1 - Added connection com.mysql.cj.jdbc.ConnectionImpl@7de147e9
2024-12-07T00:07:45.711+07:00  INFO 23168 --- [GoldenNest] [main] com.zaxxer.hikari.HikariDataSource       : HikariPool-1 - Start completed.
2024-12-07T00:07:45.812+07:00  INFO 23168 --- [GoldenNest] [main] o.f.c.internal.license.VersionPrinter    : Flyway Community Edition 9.22.3 by Redgate
2024-12-07T00:07:45.812+07:00  INFO 23168 --- [GoldenNest] [main] o.f.c.internal.license.VersionPrinter    : See release notes here: https://rd.gt/416ObMi
2024-12-07T00:07:45.812+07:00  INFO 23168 --- [GoldenNest] [main] o.f.c.internal.license.VersionPrinter    : 
2024-12-07T00:07:45.836+07:00  INFO 23168 --- [GoldenNest] [main] org.flywaydb.core.FlywayExecutor         : Database: jdbc:mysql://localhost:3306/GoldenNest (MySQL 8.0)
2024-12-07T00:07:45.895+07:00  INFO 23168 --- [GoldenNest] [main] o.f.core.internal.command.DbValidate     : Successfully validated 3 migrations (execution time 00:00.040s)
2024-12-07T00:07:45.920+07:00  INFO 23168 --- [GoldenNest] [main] o.f.core.internal.command.DbMigrate      : Current version of schema `goldennest`: 3
2024-12-07T00:07:45.927+07:00  INFO 23168 --- [GoldenNest] [main] o.f.core.internal.command.DbMigrate      : Schema `goldennest` is up to date. No migration necessary.
2024-12-07T00:07:49.811+07:00  INFO 23168 --- [GoldenNest] [main] o.s.s.web.DefaultSecurityFilterChain     : Will secure any request with [org.springframework.security.web.session.DisableEncodeUrlFilter@140e003e, org.springframework.security.web.context.request.async.WebAsyncManagerIntegrationFilter@2197990b, org.springframework.security.web.context.SecurityContextHolderFilter@2330c5c5, org.springframework.security.web.header.HeaderWriterFilter@1b6441c9, org.springframework.web.filter.CorsFilter@17eb5661, org.springframework.security.web.authentication.logout.LogoutFilter@241861bc, org.springframework.security.web.savedrequest.RequestCacheAwareFilter@36c763cd, org.springframework.security.web.servletapi.SecurityContextHolderAwareRequestFilter@97842a0, org.springframework.security.web.authentication.AnonymousAuthenticationFilter@63b0aeb1, org.springframework.security.web.session.SessionManagementFilter@3e966e67, org.springframework.security.web.access.ExceptionTranslationFilter@148c571c, org.springframework.security.web.access.intercept.AuthorizationFilter@140449d9]
2024-12-07T00:07:50.355+07:00  INFO 23168 --- [GoldenNest] [main] o.s.b.w.embedded.tomcat.TomcatWebServer  : Tomcat started on port 8080 (http) with context path ''
2024-12-07T00:07:50.366+07:00  INFO 23168 --- [GoldenNest] [main] c.e.GoldenNest.GoldenNestApplication     : Started GoldenNestApplication in 7.726 seconds (process running for 8.369)
2024-12-07T00:09:44.780+07:00  INFO 23168 --- [GoldenNest] [http-nio-8080-exec-1] o.a.c.c.C.[Tomcat].[localhost].[/]       : Initializing Spring DispatcherServlet 'dispatcherServlet'
2024-12-07T00:09:44.780+07:00  INFO 23168 --- [GoldenNest] [http-nio-8080-exec-1] o.s.web.servlet.DispatcherServlet        : Initializing Servlet 'dispatcherServlet'
2024-12-07T00:09:44.781+07:00  INFO 23168 --- [GoldenNest] [http-nio-8080-exec-1] o.s.web.servlet.DispatcherServlet        : Completed initialization in 1 ms
2024-12-07T00:09:46.029+07:00  INFO 23168 --- [GoldenNest] [http-nio-8080-exec-9] o.springdoc.api.AbstractOpenApiResource  : Init duration for springdoc-openapi is: 963 ms
2024-12-07T00:22:23.130+07:00  INFO 23168 --- [GoldenNest] [SpringApplicationShutdownHook] com.zaxxer.hikari.HikariDataSource       : HikariPool-1 - Shutdown initiated...
2024-12-07T00:22:23.139+07:00  INFO 23168 --- [GoldenNest] [SpringApplicationShutdownHook] com.zaxxer.hikari.HikariDataSource       : HikariPool-1 - Shutdown completed.
2024-12-07T00:22:28.111+07:00  INFO 15972 --- [GoldenNest] [main] c.e.GoldenNest.GoldenNestApplication     : Starting GoldenNestApplication using Java 21.0.2 with PID 15972 (E:\NTB Source Code\Back-end\Spring Boot\GoldenNest-BE\target\classes started by ntb09 in E:\NTB Source Code\Back-end\Spring Boot\GoldenNest-BE)
2024-12-07T00:22:28.113+07:00  INFO 15972 --- [GoldenNest] [main] c.e.GoldenNest.GoldenNestApplication     : No active profile set, falling back to 1 default profile: "default"
2024-12-07T00:22:29.023+07:00  INFO 15972 --- [GoldenNest] [main] .s.d.r.c.RepositoryConfigurationDelegate : Bootstrapping Spring Data JPA repositories in DEFAULT mode.
2024-12-07T00:22:29.101+07:00  INFO 15972 --- [GoldenNest] [main] .s.d.r.c.RepositoryConfigurationDelegate : Finished Spring Data repository scanning in 70 ms. Found 7 JPA repository interfaces.
2024-12-07T00:22:29.958+07:00  INFO 15972 --- [GoldenNest] [main] o.s.b.w.embedded.tomcat.TomcatWebServer  : Tomcat initialized with port 8080 (http)
2024-12-07T00:22:29.978+07:00  INFO 15972 --- [GoldenNest] [main] o.apache.catalina.core.StandardService   : Starting service [Tomcat]
2024-12-07T00:22:29.979+07:00  INFO 15972 --- [GoldenNest] [main] o.apache.catalina.core.StandardEngine    : Starting Servlet engine: [Apache Tomcat/10.1.19]
2024-12-07T00:22:30.071+07:00  INFO 15972 --- [GoldenNest] [main] o.a.c.c.C.[Tomcat].[localhost].[/]       : Initializing Spring embedded WebApplicationContext
2024-12-07T00:22:30.073+07:00  INFO 15972 --- [GoldenNest] [main] w.s.c.ServletWebServerApplicationContext : Root WebApplicationContext: initialization completed in 1912 ms
2024-12-07T00:22:30.218+07:00  INFO 15972 --- [GoldenNest] [main] com.zaxxer.hikari.HikariDataSource       : HikariPool-1 - Starting...
2024-12-07T00:22:30.612+07:00  INFO 15972 --- [GoldenNest] [main] com.zaxxer.hikari.pool.HikariPool        : HikariPool-1 - Added connection com.mysql.cj.jdbc.ConnectionImpl@23b1aa9
2024-12-07T00:22:30.614+07:00  INFO 15972 --- [GoldenNest] [main] com.zaxxer.hikari.HikariDataSource       : HikariPool-1 - Start completed.
2024-12-07T00:22:30.731+07:00  INFO 15972 --- [GoldenNest] [main] o.f.c.internal.license.VersionPrinter    : Flyway Community Edition 9.22.3 by Redgate
2024-12-07T00:22:30.732+07:00  INFO 15972 --- [GoldenNest] [main] o.f.c.internal.license.VersionPrinter    : See release notes here: https://rd.gt/416ObMi
2024-12-07T00:22:30.732+07:00  INFO 15972 --- [GoldenNest] [main] o.f.c.internal.license.VersionPrinter    : 
2024-12-07T00:22:30.755+07:00  INFO 15972 --- [GoldenNest] [main] org.flywaydb.core.FlywayExecutor         : Database: jdbc:mysql://localhost:3306/GoldenNest (MySQL 8.0)
2024-12-07T00:22:30.818+07:00  INFO 15972 --- [GoldenNest] [main] o.f.core.internal.command.DbValidate     : Successfully validated 3 migrations (execution time 00:00.033s)
2024-12-07T00:22:30.843+07:00  INFO 15972 --- [GoldenNest] [main] o.f.core.internal.command.DbMigrate      : Current version of schema `goldennest`: 3
2024-12-07T00:22:30.847+07:00  INFO 15972 --- [GoldenNest] [main] o.f.core.internal.command.DbMigrate      : Schema `goldennest` is up to date. No migration necessary.
2024-12-07T00:22:34.071+07:00  WARN 15972 --- [GoldenNest] [main] ConfigServletWebServerApplicationContext : Exception encountered during context initialization - cancelling refresh attempt: org.springframework.beans.factory.UnsatisfiedDependencyException: Error creating bean with name 'cartController' defined in file [E:\NTB Source Code\Back-end\Spring Boot\GoldenNest-BE\target\classes\com\example\GoldenNest\controller\CartController.class]: Unsatisfied dependency expressed through constructor parameter 0: Error creating bean with name 'cartServiceImpl' defined in file [E:\NTB Source Code\Back-end\Spring Boot\GoldenNest-BE\target\classes\com\example\GoldenNest\service\impl\CartServiceImpl.class]: Unsatisfied dependency expressed through constructor parameter 1: Error creating bean with name 'productRepository' defined in com.example.GoldenNest.repositories.ProductRepository defined in @EnableJpaRepositories declared on JpaRepositoriesRegistrar.EnableJpaRepositoriesConfiguration: Could not create query for public abstract java.util.List com.example.GoldenNest.repositories.ProductRepository.findByCouponsIsNotEmpty(); Reason: Failed to create query for method public abstract java.util.List com.example.GoldenNest.repositories.ProductRepository.findByCouponsIsNotEmpty(); No property 'coupons' found for type 'Product'; Did you mean 'coupon'
2024-12-07T00:22:34.073+07:00  INFO 15972 --- [GoldenNest] [main] com.zaxxer.hikari.HikariDataSource       : HikariPool-1 - Shutdown initiated...
2024-12-07T00:22:34.079+07:00  INFO 15972 --- [GoldenNest] [main] com.zaxxer.hikari.HikariDataSource       : HikariPool-1 - Shutdown completed.
2024-12-07T00:22:34.081+07:00  INFO 15972 --- [GoldenNest] [main] o.apache.catalina.core.StandardService   : Stopping service [Tomcat]
2024-12-07T00:22:34.091+07:00  INFO 15972 --- [GoldenNest] [main] .s.b.a.l.ConditionEvaluationReportLogger : 

Error starting ApplicationContext. To display the condition evaluation report re-run your application with 'debug' enabled.
2024-12-07T00:22:34.133+07:00 ERROR 15972 --- [GoldenNest] [main] o.s.boot.SpringApplication               : Application run failed

org.springframework.beans.factory.UnsatisfiedDependencyException: Error creating bean with name 'cartController' defined in file [E:\NTB Source Code\Back-end\Spring Boot\GoldenNest-BE\target\classes\com\example\GoldenNest\controller\CartController.class]: Unsatisfied dependency expressed through constructor parameter 0: Error creating bean with name 'cartServiceImpl' defined in file [E:\NTB Source Code\Back-end\Spring Boot\GoldenNest-BE\target\classes\com\example\GoldenNest\service\impl\CartServiceImpl.class]: Unsatisfied dependency expressed through constructor parameter 1: Error creating bean with name 'productRepository' defined in com.example.GoldenNest.repositories.ProductRepository defined in @EnableJpaRepositories declared on JpaRepositoriesRegistrar.EnableJpaRepositoriesConfiguration: Could not create query for public abstract java.util.List com.example.GoldenNest.repositories.ProductRepository.findByCouponsIsNotEmpty(); Reason: Failed to create query for method public abstract java.util.List com.example.GoldenNest.repositories.ProductRepository.findByCouponsIsNotEmpty(); No property 'coupons' found for type 'Product'; Did you mean 'coupon'
	at org.springframework.beans.factory.support.ConstructorResolver.createArgumentArray(ConstructorResolver.java:795) ~[spring-beans-6.1.5.jar:6.1.5]
	at org.springframework.beans.factory.support.ConstructorResolver.autowireConstructor(ConstructorResolver.java:237) ~[spring-beans-6.1.5.jar:6.1.5]
	at org.springframework.beans.factory.support.AbstractAutowireCapableBeanFactory.autowireConstructor(AbstractAutowireCapableBeanFactory.java:1355) ~[spring-beans-6.1.5.jar:6.1.5]
	at org.springframework.beans.factory.support.AbstractAutowireCapableBeanFactory.createBeanInstance(AbstractAutowireCapableBeanFactory.java:1192) ~[spring-beans-6.1.5.jar:6.1.5]
	at org.springframework.beans.factory.support.AbstractAutowireCapableBeanFactory.doCreateBean(AbstractAutowireCapableBeanFactory.java:562) ~[spring-beans-6.1.5.jar:6.1.5]
	at org.springframework.beans.factory.support.AbstractAutowireCapableBeanFactory.createBean(AbstractAutowireCapableBeanFactory.java:522) ~[spring-beans-6.1.5.jar:6.1.5]
	at org.springframework.beans.factory.support.AbstractBeanFactory.lambda$doGetBean$0(AbstractBeanFactory.java:326) ~[spring-beans-6.1.5.jar:6.1.5]
	at org.springframework.beans.factory.support.DefaultSingletonBeanRegistry.getSingleton(DefaultSingletonBeanRegistry.java:234) ~[spring-beans-6.1.5.jar:6.1.5]
	at org.springframework.beans.factory.support.AbstractBeanFactory.doGetBean(AbstractBeanFactory.java:324) ~[spring-beans-6.1.5.jar:6.1.5]
	at org.springframework.beans.factory.support.AbstractBeanFactory.getBean(AbstractBeanFactory.java:200) ~[spring-beans-6.1.5.jar:6.1.5]
	at org.springframework.beans.factory.support.DefaultListableBeanFactory.preInstantiateSingletons(DefaultListableBeanFactory.java:975) ~[spring-beans-6.1.5.jar:6.1.5]
	at org.springframework.context.support.AbstractApplicationContext.finishBeanFactoryInitialization(AbstractApplicationContext.java:962) ~[spring-context-6.1.5.jar:6.1.5]
	at org.springframework.context.support.AbstractApplicationContext.refresh(AbstractApplicationContext.java:624) ~[spring-context-6.1.5.jar:6.1.5]
	at org.springframework.boot.web.servlet.context.ServletWebServerApplicationContext.refresh(ServletWebServerApplicationContext.java:146) ~[spring-boot-3.2.4.jar:3.2.4]
	at org.springframework.boot.SpringApplication.refresh(SpringApplication.java:754) ~[spring-boot-3.2.4.jar:3.2.4]
	at org.springframework.boot.SpringApplication.refreshContext(SpringApplication.java:456) ~[spring-boot-3.2.4.jar:3.2.4]
	at org.springframework.boot.SpringApplication.run(SpringApplication.java:334) ~[spring-boot-3.2.4.jar:3.2.4]
	at org.springframework.boot.SpringApplication.run(SpringApplication.java:1354) ~[spring-boot-3.2.4.jar:3.2.4]
	at org.springframework.boot.SpringApplication.run(SpringApplication.java:1343) ~[spring-boot-3.2.4.jar:3.2.4]
	at com.example.GoldenNest.GoldenNestApplication.main(GoldenNestApplication.java:10) ~[classes/:na]
Caused by: org.springframework.beans.factory.UnsatisfiedDependencyException: Error creating bean with name 'cartServiceImpl' defined in file [E:\NTB Source Code\Back-end\Spring Boot\GoldenNest-BE\target\classes\com\example\GoldenNest\service\impl\CartServiceImpl.class]: Unsatisfied dependency expressed through constructor parameter 1: Error creating bean with name 'productRepository' defined in com.example.GoldenNest.repositories.ProductRepository defined in @EnableJpaRepositories declared on JpaRepositoriesRegistrar.EnableJpaRepositoriesConfiguration: Could not create query for public abstract java.util.List com.example.GoldenNest.repositories.ProductRepository.findByCouponsIsNotEmpty(); Reason: Failed to create query for method public abstract java.util.List com.example.GoldenNest.repositories.ProductRepository.findByCouponsIsNotEmpty(); No property 'coupons' found for type 'Product'; Did you mean 'coupon'
	at org.springframework.beans.factory.support.ConstructorResolver.createArgumentArray(ConstructorResolver.java:795) ~[spring-beans-6.1.5.jar:6.1.5]
	at org.springframework.beans.factory.support.ConstructorResolver.autowireConstructor(ConstructorResolver.java:237) ~[spring-beans-6.1.5.jar:6.1.5]
	at org.springframework.beans.factory.support.AbstractAutowireCapableBeanFactory.autowireConstructor(AbstractAutowireCapableBeanFactory.java:1355) ~[spring-beans-6.1.5.jar:6.1.5]
	at org.springframework.beans.factory.support.AbstractAutowireCapableBeanFactory.createBeanInstance(AbstractAutowireCapableBeanFactory.java:1192) ~[spring-beans-6.1.5.jar:6.1.5]
	at org.springframework.beans.factory.support.AbstractAutowireCapableBeanFactory.doCreateBean(AbstractAutowireCapableBeanFactory.java:562) ~[spring-beans-6.1.5.jar:6.1.5]
	at org.springframework.beans.factory.support.AbstractAutowireCapableBeanFactory.createBean(AbstractAutowireCapableBeanFactory.java:522) ~[spring-beans-6.1.5.jar:6.1.5]
	at org.springframework.beans.factory.support.AbstractBeanFactory.lambda$doGetBean$0(AbstractBeanFactory.java:326) ~[spring-beans-6.1.5.jar:6.1.5]
	at org.springframework.beans.factory.support.DefaultSingletonBeanRegistry.getSingleton(DefaultSingletonBeanRegistry.java:234) ~[spring-beans-6.1.5.jar:6.1.5]
	at org.springframework.beans.factory.support.AbstractBeanFactory.doGetBean(AbstractBeanFactory.java:324) ~[spring-beans-6.1.5.jar:6.1.5]
	at org.springframework.beans.factory.support.AbstractBeanFactory.getBean(AbstractBeanFactory.java:200) ~[spring-beans-6.1.5.jar:6.1.5]
	at org.springframework.beans.factory.config.DependencyDescriptor.resolveCandidate(DependencyDescriptor.java:254) ~[spring-beans-6.1.5.jar:6.1.5]
	at org.springframework.beans.factory.support.DefaultListableBeanFactory.doResolveDependency(DefaultListableBeanFactory.java:1443) ~[spring-beans-6.1.5.jar:6.1.5]
	at org.springframework.beans.factory.support.DefaultListableBeanFactory.resolveDependency(DefaultListableBeanFactory.java:1353) ~[spring-beans-6.1.5.jar:6.1.5]
	at org.springframework.beans.factory.support.ConstructorResolver.resolveAutowiredArgument(ConstructorResolver.java:904) ~[spring-beans-6.1.5.jar:6.1.5]
	at org.springframework.beans.factory.support.ConstructorResolver.createArgumentArray(ConstructorResolver.java:782) ~[spring-beans-6.1.5.jar:6.1.5]
	... 19 common frames omitted
Caused by: org.springframework.beans.factory.BeanCreationException: Error creating bean with name 'productRepository' defined in com.example.GoldenNest.repositories.ProductRepository defined in @EnableJpaRepositories declared on JpaRepositoriesRegistrar.EnableJpaRepositoriesConfiguration: Could not create query for public abstract java.util.List com.example.GoldenNest.repositories.ProductRepository.findByCouponsIsNotEmpty(); Reason: Failed to create query for method public abstract java.util.List com.example.GoldenNest.repositories.ProductRepository.findByCouponsIsNotEmpty(); No property 'coupons' found for type 'Product'; Did you mean 'coupon'
	at org.springframework.beans.factory.support.AbstractAutowireCapableBeanFactory.initializeBean(AbstractAutowireCapableBeanFactory.java:1786) ~[spring-beans-6.1.5.jar:6.1.5]
	at org.springframework.beans.factory.support.AbstractAutowireCapableBeanFactory.doCreateBean(AbstractAutowireCapableBeanFactory.java:600) ~[spring-beans-6.1.5.jar:6.1.5]
	at org.springframework.beans.factory.support.AbstractAutowireCapableBeanFactory.createBean(AbstractAutowireCapableBeanFactory.java:522) ~[spring-beans-6.1.5.jar:6.1.5]
	at org.springframework.beans.factory.support.AbstractBeanFactory.lambda$doGetBean$0(AbstractBeanFactory.java:326) ~[spring-beans-6.1.5.jar:6.1.5]
	at org.springframework.beans.factory.support.DefaultSingletonBeanRegistry.getSingleton(DefaultSingletonBeanRegistry.java:234) ~[spring-beans-6.1.5.jar:6.1.5]
	at org.springframework.beans.factory.support.AbstractBeanFactory.doGetBean(AbstractBeanFactory.java:324) ~[spring-beans-6.1.5.jar:6.1.5]
	at org.springframework.beans.factory.support.AbstractBeanFactory.getBean(AbstractBeanFactory.java:200) ~[spring-beans-6.1.5.jar:6.1.5]
	at org.springframework.beans.factory.config.DependencyDescriptor.resolveCandidate(DependencyDescriptor.java:254) ~[spring-beans-6.1.5.jar:6.1.5]
	at org.springframework.beans.factory.support.DefaultListableBeanFactory.doResolveDependency(DefaultListableBeanFactory.java:1443) ~[spring-beans-6.1.5.jar:6.1.5]
	at org.springframework.beans.factory.support.DefaultListableBeanFactory.resolveDependency(DefaultListableBeanFactory.java:1353) ~[spring-beans-6.1.5.jar:6.1.5]
	at org.springframework.beans.factory.support.ConstructorResolver.resolveAutowiredArgument(ConstructorResolver.java:904) ~[spring-beans-6.1.5.jar:6.1.5]
	at org.springframework.beans.factory.support.ConstructorResolver.createArgumentArray(ConstructorResolver.java:782) ~[spring-beans-6.1.5.jar:6.1.5]
	... 33 common frames omitted
Caused by: org.springframework.data.repository.query.QueryCreationException: Could not create query for public abstract java.util.List com.example.GoldenNest.repositories.ProductRepository.findByCouponsIsNotEmpty(); Reason: Failed to create query for method public abstract java.util.List com.example.GoldenNest.repositories.ProductRepository.findByCouponsIsNotEmpty(); No property 'coupons' found for type 'Product'; Did you mean 'coupon'
	at org.springframework.data.repository.query.QueryCreationException.create(QueryCreationException.java:101) ~[spring-data-commons-3.2.4.jar:3.2.4]
	at org.springframework.data.repository.core.support.QueryExecutorMethodInterceptor.lookupQuery(QueryExecutorMethodInterceptor.java:115) ~[spring-data-commons-3.2.4.jar:3.2.4]
	at org.springframework.data.repository.core.support.QueryExecutorMethodInterceptor.mapMethodsToQuery(QueryExecutorMethodInterceptor.java:99) ~[spring-data-commons-3.2.4.jar:3.2.4]
	at org.springframework.data.repository.core.support.QueryExecutorMethodInterceptor.lambda$new$0(QueryExecutorMethodInterceptor.java:88) ~[spring-data-commons-3.2.4.jar:3.2.4]
	at java.base/java.util.Optional.map(Optional.java:260) ~[na:na]
	at org.springframework.data.repository.core.support.QueryExecutorMethodInterceptor.<init>(QueryExecutorMethodInterceptor.java:88) ~[spring-data-commons-3.2.4.jar:3.2.4]
	at org.springframework.data.repository.core.support.RepositoryFactorySupport.getRepository(RepositoryFactorySupport.java:357) ~[spring-data-commons-3.2.4.jar:3.2.4]
	at org.springframework.data.repository.core.support.RepositoryFactoryBeanSupport.lambda$afterPropertiesSet$5(RepositoryFactoryBeanSupport.java:279) ~[spring-data-commons-3.2.4.jar:3.2.4]
	at org.springframework.data.util.Lazy.getNullable(Lazy.java:135) ~[spring-data-commons-3.2.4.jar:3.2.4]
	at org.springframework.data.util.Lazy.get(Lazy.java:113) ~[spring-data-commons-3.2.4.jar:3.2.4]
	at org.springframework.data.repository.core.support.RepositoryFactoryBeanSupport.afterPropertiesSet(RepositoryFactoryBeanSupport.java:285) ~[spring-data-commons-3.2.4.jar:3.2.4]
	at org.springframework.data.jpa.repository.support.JpaRepositoryFactoryBean.afterPropertiesSet(JpaRepositoryFactoryBean.java:132) ~[spring-data-jpa-3.2.4.jar:3.2.4]
	at org.springframework.beans.factory.support.AbstractAutowireCapableBeanFactory.invokeInitMethods(AbstractAutowireCapableBeanFactory.java:1833) ~[spring-beans-6.1.5.jar:6.1.5]
	at org.springframework.beans.factory.support.AbstractAutowireCapableBeanFactory.initializeBean(AbstractAutowireCapableBeanFactory.java:1782) ~[spring-beans-6.1.5.jar:6.1.5]
	... 44 common frames omitted
Caused by: java.lang.IllegalArgumentException: Failed to create query for method public abstract java.util.List com.example.GoldenNest.repositories.ProductRepository.findByCouponsIsNotEmpty(); No property 'coupons' found for type 'Product'; Did you mean 'coupon'
	at org.springframework.data.jpa.repository.query.PartTreeJpaQuery.<init>(PartTreeJpaQuery.java:106) ~[spring-data-jpa-3.2.4.jar:3.2.4]
	at org.springframework.data.jpa.repository.query.JpaQueryLookupStrategy$CreateQueryLookupStrategy.resolveQuery(JpaQueryLookupStrategy.java:124) ~[spring-data-jpa-3.2.4.jar:3.2.4]
	at org.springframework.data.jpa.repository.query.JpaQueryLookupStrategy$CreateIfNotFoundQueryLookupStrategy.resolveQuery(JpaQueryLookupStrategy.java:258) ~[spring-data-jpa-3.2.4.jar:3.2.4]
	at org.springframework.data.jpa.repository.query.JpaQueryLookupStrategy$AbstractQueryLookupStrategy.resolveQuery(JpaQueryLookupStrategy.java:95) ~[spring-data-jpa-3.2.4.jar:3.2.4]
	at org.springframework.data.repository.core.support.QueryExecutorMethodInterceptor.lookupQuery(QueryExecutorMethodInterceptor.java:111) ~[spring-data-commons-3.2.4.jar:3.2.4]
	... 56 common frames omitted
Caused by: org.springframework.data.mapping.PropertyReferenceException: No property 'coupons' found for type 'Product'; Did you mean 'coupon'
	at org.springframework.data.mapping.PropertyPath.<init>(PropertyPath.java:90) ~[spring-data-commons-3.2.4.jar:3.2.4]
	at org.springframework.data.mapping.PropertyPath.create(PropertyPath.java:443) ~[spring-data-commons-3.2.4.jar:3.2.4]
	at org.springframework.data.mapping.PropertyPath.create(PropertyPath.java:419) ~[spring-data-commons-3.2.4.jar:3.2.4]
	at org.springframework.data.mapping.PropertyPath.lambda$from$0(PropertyPath.java:372) ~[spring-data-commons-3.2.4.jar:3.2.4]
	at java.base/java.util.concurrent.ConcurrentMap.computeIfAbsent(ConcurrentMap.java:330) ~[na:na]
	at org.springframework.data.mapping.PropertyPath.from(PropertyPath.java:354) ~[spring-data-commons-3.2.4.jar:3.2.4]
	at org.springframework.data.mapping.PropertyPath.from(PropertyPath.java:332) ~[spring-data-commons-3.2.4.jar:3.2.4]
	at org.springframework.data.repository.query.parser.Part.<init>(Part.java:81) ~[spring-data-commons-3.2.4.jar:3.2.4]
	at org.springframework.data.repository.query.parser.PartTree$OrPart.lambda$new$0(PartTree.java:259) ~[spring-data-commons-3.2.4.jar:3.2.4]
	at java.base/java.util.stream.ReferencePipeline$3$1.accept(ReferencePipeline.java:197) ~[na:na]
	at java.base/java.util.stream.ReferencePipeline$2$1.accept(ReferencePipeline.java:179) ~[na:na]
	at java.base/java.util.Spliterators$ArraySpliterator.forEachRemaining(Spliterators.java:1024) ~[na:na]
	at java.base/java.util.stream.AbstractPipeline.copyInto(AbstractPipeline.java:509) ~[na:na]
	at java.base/java.util.stream.AbstractPipeline.wrapAndCopyInto(AbstractPipeline.java:499) ~[na:na]
	at java.base/java.util.stream.ReduceOps$ReduceOp.evaluateSequential(ReduceOps.java:921) ~[na:na]
	at java.base/java.util.stream.AbstractPipeline.evaluate(AbstractPipeline.java:234) ~[na:na]
	at java.base/java.util.stream.ReferencePipeline.collect(ReferencePipeline.java:682) ~[na:na]
	at org.springframework.data.repository.query.parser.PartTree$OrPart.<init>(PartTree.java:260) ~[spring-data-commons-3.2.4.jar:3.2.4]
	at org.springframework.data.repository.query.parser.PartTree$Predicate.lambda$new$0(PartTree.java:389) ~[spring-data-commons-3.2.4.jar:3.2.4]
	at java.base/java.util.stream.ReferencePipeline$3$1.accept(ReferencePipeline.java:197) ~[na:na]
	at java.base/java.util.stream.ReferencePipeline$2$1.accept(ReferencePipeline.java:179) ~[na:na]
	at java.base/java.util.Spliterators$ArraySpliterator.forEachRemaining(Spliterators.java:1024) ~[na:na]
	at java.base/java.util.stream.AbstractPipeline.copyInto(AbstractPipeline.java:509) ~[na:na]
	at java.base/java.util.stream.AbstractPipeline.wrapAndCopyInto(AbstractPipeline.java:499) ~[na:na]
	at java.base/java.util.stream.ReduceOps$ReduceOp.evaluateSequential(ReduceOps.java:921) ~[na:na]
	at java.base/java.util.stream.AbstractPipeline.evaluate(AbstractPipeline.java:234) ~[na:na]
	at java.base/java.util.stream.ReferencePipeline.collect(ReferencePipeline.java:682) ~[na:na]
	at org.springframework.data.repository.query.parser.PartTree$Predicate.<init>(PartTree.java:390) ~[spring-data-commons-3.2.4.jar:3.2.4]
	at org.springframework.data.repository.query.parser.PartTree.<init>(PartTree.java:103) ~[spring-data-commons-3.2.4.jar:3.2.4]
	at org.springframework.data.jpa.repository.query.PartTreeJpaQuery.<init>(PartTreeJpaQuery.java:100) ~[spring-data-jpa-3.2.4.jar:3.2.4]
	... 60 common frames omitted

2024-12-07T00:24:01.927+07:00  INFO 21972 --- [GoldenNest] [main] c.e.GoldenNest.GoldenNestApplication     : Starting GoldenNestApplication using Java 21.0.2 with PID 21972 (E:\NTB Source Code\Back-end\Spring Boot\GoldenNest-BE\target\classes started by ntb09 in E:\NTB Source Code\Back-end\Spring Boot\GoldenNest-BE)
2024-12-07T00:24:01.929+07:00  INFO 21972 --- [GoldenNest] [main] c.e.GoldenNest.GoldenNestApplication     : No active profile set, falling back to 1 default profile: "default"
2024-12-07T00:24:02.828+07:00  INFO 21972 --- [GoldenNest] [main] .s.d.r.c.RepositoryConfigurationDelegate : Bootstrapping Spring Data JPA repositories in DEFAULT mode.
2024-12-07T00:24:02.919+07:00  INFO 21972 --- [GoldenNest] [main] .s.d.r.c.RepositoryConfigurationDelegate : Finished Spring Data repository scanning in 83 ms. Found 7 JPA repository interfaces.
2024-12-07T00:24:03.774+07:00  INFO 21972 --- [GoldenNest] [main] o.s.b.w.embedded.tomcat.TomcatWebServer  : Tomcat initialized with port 8080 (http)
2024-12-07T00:24:03.797+07:00  INFO 21972 --- [GoldenNest] [main] o.apache.catalina.core.StandardService   : Starting service [Tomcat]
2024-12-07T00:24:03.798+07:00  INFO 21972 --- [GoldenNest] [main] o.apache.catalina.core.StandardEngine    : Starting Servlet engine: [Apache Tomcat/10.1.19]
2024-12-07T00:24:03.895+07:00  INFO 21972 --- [GoldenNest] [main] o.a.c.c.C.[Tomcat].[localhost].[/]       : Initializing Spring embedded WebApplicationContext
2024-12-07T00:24:03.896+07:00  INFO 21972 --- [GoldenNest] [main] w.s.c.ServletWebServerApplicationContext : Root WebApplicationContext: initialization completed in 1916 ms
2024-12-07T00:24:04.053+07:00  INFO 21972 --- [GoldenNest] [main] com.zaxxer.hikari.HikariDataSource       : HikariPool-1 - Starting...
2024-12-07T00:24:04.435+07:00  INFO 21972 --- [GoldenNest] [main] com.zaxxer.hikari.pool.HikariPool        : HikariPool-1 - Added connection com.mysql.cj.jdbc.ConnectionImpl@7de147e9
2024-12-07T00:24:04.438+07:00  INFO 21972 --- [GoldenNest] [main] com.zaxxer.hikari.HikariDataSource       : HikariPool-1 - Start completed.
2024-12-07T00:24:04.530+07:00  INFO 21972 --- [GoldenNest] [main] o.f.c.internal.license.VersionPrinter    : Flyway Community Edition 9.22.3 by Redgate
2024-12-07T00:24:04.530+07:00  INFO 21972 --- [GoldenNest] [main] o.f.c.internal.license.VersionPrinter    : See release notes here: https://rd.gt/416ObMi
2024-12-07T00:24:04.530+07:00  INFO 21972 --- [GoldenNest] [main] o.f.c.internal.license.VersionPrinter    : 
2024-12-07T00:24:04.547+07:00  INFO 21972 --- [GoldenNest] [main] org.flywaydb.core.FlywayExecutor         : Database: jdbc:mysql://localhost:3306/GoldenNest (MySQL 8.0)
2024-12-07T00:24:04.615+07:00  INFO 21972 --- [GoldenNest] [main] o.f.core.internal.command.DbValidate     : Successfully validated 3 migrations (execution time 00:00.035s)
2024-12-07T00:24:04.632+07:00  INFO 21972 --- [GoldenNest] [main] o.f.core.internal.command.DbMigrate      : Current version of schema `goldennest`: 3
2024-12-07T00:24:04.642+07:00  INFO 21972 --- [GoldenNest] [main] o.f.core.internal.command.DbMigrate      : Schema `goldennest` is up to date. No migration necessary.
2024-12-07T00:24:07.625+07:00  INFO 21972 --- [GoldenNest] [main] o.s.s.web.DefaultSecurityFilterChain     : Will secure any request with [org.springframework.security.web.session.DisableEncodeUrlFilter@2330c5c5, org.springframework.security.web.context.request.async.WebAsyncManagerIntegrationFilter@2e587292, org.springframework.security.web.context.SecurityContextHolderFilter@17d3bf09, org.springframework.security.web.header.HeaderWriterFilter@25058759, org.springframework.web.filter.CorsFilter@36c763cd, org.springframework.security.web.authentication.logout.LogoutFilter@3a22c944, org.springframework.security.web.savedrequest.RequestCacheAwareFilter@2cb95c6c, org.springframework.security.web.servletapi.SecurityContextHolderAwareRequestFilter@1484cb57, org.springframework.security.web.authentication.AnonymousAuthenticationFilter@97842a0, org.springframework.security.web.session.SessionManagementFilter@47db5b8f, org.springframework.security.web.access.ExceptionTranslationFilter@7cba8293, org.springframework.security.web.access.intercept.AuthorizationFilter@45dbbb97]
2024-12-07T00:24:08.122+07:00  INFO 21972 --- [GoldenNest] [main] o.s.b.w.embedded.tomcat.TomcatWebServer  : Tomcat started on port 8080 (http) with context path ''
2024-12-07T00:24:08.142+07:00  INFO 21972 --- [GoldenNest] [main] c.e.GoldenNest.GoldenNestApplication     : Started GoldenNestApplication in 6.703 seconds (process running for 7.216)
2024-12-07T00:24:28.352+07:00  INFO 21972 --- [GoldenNest] [http-nio-8080-exec-2] o.a.c.c.C.[Tomcat].[localhost].[/]       : Initializing Spring DispatcherServlet 'dispatcherServlet'
2024-12-07T00:24:28.352+07:00  INFO 21972 --- [GoldenNest] [http-nio-8080-exec-2] o.s.web.servlet.DispatcherServlet        : Initializing Servlet 'dispatcherServlet'
2024-12-07T00:24:28.354+07:00  INFO 21972 --- [GoldenNest] [http-nio-8080-exec-2] o.s.web.servlet.DispatcherServlet        : Completed initialization in 1 ms
2024-12-07T00:24:29.380+07:00  INFO 21972 --- [GoldenNest] [http-nio-8080-exec-8] o.springdoc.api.AbstractOpenApiResource  : Init duration for springdoc-openapi is: 746 ms
2024-12-07T00:27:22.102+07:00  INFO 21972 --- [GoldenNest] [SpringApplicationShutdownHook] com.zaxxer.hikari.HikariDataSource       : HikariPool-1 - Shutdown initiated...
2024-12-07T00:27:22.109+07:00  INFO 21972 --- [GoldenNest] [SpringApplicationShutdownHook] com.zaxxer.hikari.HikariDataSource       : HikariPool-1 - Shutdown completed.
2024-12-07T00:27:26.459+07:00  INFO 26924 --- [GoldenNest] [main] c.e.GoldenNest.GoldenNestApplication     : Starting GoldenNestApplication using Java 21.0.2 with PID 26924 (E:\NTB Source Code\Back-end\Spring Boot\GoldenNest-BE\target\classes started by ntb09 in E:\NTB Source Code\Back-end\Spring Boot\GoldenNest-BE)
2024-12-07T00:27:26.461+07:00  INFO 26924 --- [GoldenNest] [main] c.e.GoldenNest.GoldenNestApplication     : No active profile set, falling back to 1 default profile: "default"
2024-12-07T00:27:27.472+07:00  INFO 26924 --- [GoldenNest] [main] .s.d.r.c.RepositoryConfigurationDelegate : Bootstrapping Spring Data JPA repositories in DEFAULT mode.
2024-12-07T00:27:27.562+07:00  INFO 26924 --- [GoldenNest] [main] .s.d.r.c.RepositoryConfigurationDelegate : Finished Spring Data repository scanning in 76 ms. Found 7 JPA repository interfaces.
2024-12-07T00:27:28.414+07:00  INFO 26924 --- [GoldenNest] [main] o.s.b.w.embedded.tomcat.TomcatWebServer  : Tomcat initialized with port 8080 (http)
2024-12-07T00:27:28.434+07:00  INFO 26924 --- [GoldenNest] [main] o.apache.catalina.core.StandardService   : Starting service [Tomcat]
2024-12-07T00:27:28.435+07:00  INFO 26924 --- [GoldenNest] [main] o.apache.catalina.core.StandardEngine    : Starting Servlet engine: [Apache Tomcat/10.1.19]
2024-12-07T00:27:28.528+07:00  INFO 26924 --- [GoldenNest] [main] o.a.c.c.C.[Tomcat].[localhost].[/]       : Initializing Spring embedded WebApplicationContext
2024-12-07T00:27:28.529+07:00  INFO 26924 --- [GoldenNest] [main] w.s.c.ServletWebServerApplicationContext : Root WebApplicationContext: initialization completed in 2019 ms
2024-12-07T00:27:28.674+07:00  INFO 26924 --- [GoldenNest] [main] com.zaxxer.hikari.HikariDataSource       : HikariPool-1 - Starting...
2024-12-07T00:27:29.081+07:00  INFO 26924 --- [GoldenNest] [main] com.zaxxer.hikari.pool.HikariPool        : HikariPool-1 - Added connection com.mysql.cj.jdbc.ConnectionImpl@5db0003d
2024-12-07T00:27:29.083+07:00  INFO 26924 --- [GoldenNest] [main] com.zaxxer.hikari.HikariDataSource       : HikariPool-1 - Start completed.
2024-12-07T00:27:29.176+07:00  INFO 26924 --- [GoldenNest] [main] o.f.c.internal.license.VersionPrinter    : Flyway Community Edition 9.22.3 by Redgate
2024-12-07T00:27:29.177+07:00  INFO 26924 --- [GoldenNest] [main] o.f.c.internal.license.VersionPrinter    : See release notes here: https://rd.gt/416ObMi
2024-12-07T00:27:29.177+07:00  INFO 26924 --- [GoldenNest] [main] o.f.c.internal.license.VersionPrinter    : 
2024-12-07T00:27:29.194+07:00  INFO 26924 --- [GoldenNest] [main] org.flywaydb.core.FlywayExecutor         : Database: jdbc:mysql://localhost:3306/GoldenNest (MySQL 8.0)
2024-12-07T00:27:29.237+07:00  INFO 26924 --- [GoldenNest] [main] o.f.core.internal.command.DbValidate     : Successfully validated 3 migrations (execution time 00:00.027s)
2024-12-07T00:27:29.252+07:00  INFO 26924 --- [GoldenNest] [main] o.f.core.internal.command.DbMigrate      : Current version of schema `goldennest`: 3
2024-12-07T00:27:29.255+07:00  INFO 26924 --- [GoldenNest] [main] o.f.core.internal.command.DbMigrate      : Schema `goldennest` is up to date. No migration necessary.
2024-12-07T00:27:32.563+07:00  INFO 26924 --- [GoldenNest] [main] o.s.s.web.DefaultSecurityFilterChain     : Will secure any request with [org.springframework.security.web.session.DisableEncodeUrlFilter@545e200b, org.springframework.security.web.context.request.async.WebAsyncManagerIntegrationFilter@3a22c944, org.springframework.security.web.context.SecurityContextHolderFilter@28357fc3, org.springframework.security.web.header.HeaderWriterFilter@2ea2f965, org.springframework.web.filter.CorsFilter@1b6441c9, org.springframework.security.web.authentication.logout.LogoutFilter@1d7914a5, org.springframework.security.web.savedrequest.RequestCacheAwareFilter@25058759, org.springframework.security.web.servletapi.SecurityContextHolderAwareRequestFilter@d833770, org.springframework.security.web.authentication.AnonymousAuthenticationFilter@6da6c10e, org.springframework.security.web.session.SessionManagementFilter@65e639f2, org.springframework.security.web.access.ExceptionTranslationFilter@48149568, org.springframework.security.web.access.intercept.AuthorizationFilter@1666e021]
2024-12-07T00:27:33.010+07:00  INFO 26924 --- [GoldenNest] [main] o.s.b.w.embedded.tomcat.TomcatWebServer  : Tomcat started on port 8080 (http) with context path ''
2024-12-07T00:27:33.020+07:00  INFO 26924 --- [GoldenNest] [main] c.e.GoldenNest.GoldenNestApplication     : Started GoldenNestApplication in 7.135 seconds (process running for 7.776)
2024-12-07T00:27:47.803+07:00  INFO 26924 --- [GoldenNest] [http-nio-8080-exec-1] o.a.c.c.C.[Tomcat].[localhost].[/]       : Initializing Spring DispatcherServlet 'dispatcherServlet'
2024-12-07T00:27:47.803+07:00  INFO 26924 --- [GoldenNest] [http-nio-8080-exec-1] o.s.web.servlet.DispatcherServlet        : Initializing Servlet 'dispatcherServlet'
2024-12-07T00:27:47.806+07:00  INFO 26924 --- [GoldenNest] [http-nio-8080-exec-1] o.s.web.servlet.DispatcherServlet        : Completed initialization in 2 ms
2024-12-07T00:27:48.996+07:00  INFO 26924 --- [GoldenNest] [http-nio-8080-exec-9] o.springdoc.api.AbstractOpenApiResource  : Init duration for springdoc-openapi is: 874 ms
2024-12-07T00:28:59.234+07:00  INFO 26924 --- [GoldenNest] [SpringApplicationShutdownHook] com.zaxxer.hikari.HikariDataSource       : HikariPool-1 - Shutdown initiated...
2024-12-07T00:28:59.241+07:00  INFO 26924 --- [GoldenNest] [SpringApplicationShutdownHook] com.zaxxer.hikari.HikariDataSource       : HikariPool-1 - Shutdown completed.
2024-12-07T00:29:03.144+07:00  INFO 23416 --- [GoldenNest] [main] c.e.GoldenNest.GoldenNestApplication     : Starting GoldenNestApplication using Java 21.0.2 with PID 23416 (E:\NTB Source Code\Back-end\Spring Boot\GoldenNest-BE\target\classes started by ntb09 in E:\NTB Source Code\Back-end\Spring Boot\GoldenNest-BE)
2024-12-07T00:29:03.146+07:00  INFO 23416 --- [GoldenNest] [main] c.e.GoldenNest.GoldenNestApplication     : No active profile set, falling back to 1 default profile: "default"
2024-12-07T00:29:04.045+07:00  INFO 23416 --- [GoldenNest] [main] .s.d.r.c.RepositoryConfigurationDelegate : Bootstrapping Spring Data JPA repositories in DEFAULT mode.
2024-12-07T00:29:04.121+07:00  INFO 23416 --- [GoldenNest] [main] .s.d.r.c.RepositoryConfigurationDelegate : Finished Spring Data repository scanning in 68 ms. Found 7 JPA repository interfaces.
2024-12-07T00:29:04.957+07:00  INFO 23416 --- [GoldenNest] [main] o.s.b.w.embedded.tomcat.TomcatWebServer  : Tomcat initialized with port 8080 (http)
2024-12-07T00:29:04.974+07:00  INFO 23416 --- [GoldenNest] [main] o.apache.catalina.core.StandardService   : Starting service [Tomcat]
2024-12-07T00:29:04.975+07:00  INFO 23416 --- [GoldenNest] [main] o.apache.catalina.core.StandardEngine    : Starting Servlet engine: [Apache Tomcat/10.1.19]
2024-12-07T00:29:05.063+07:00  INFO 23416 --- [GoldenNest] [main] o.a.c.c.C.[Tomcat].[localhost].[/]       : Initializing Spring embedded WebApplicationContext
2024-12-07T00:29:05.064+07:00  INFO 23416 --- [GoldenNest] [main] w.s.c.ServletWebServerApplicationContext : Root WebApplicationContext: initialization completed in 1865 ms
2024-12-07T00:29:05.216+07:00  INFO 23416 --- [GoldenNest] [main] com.zaxxer.hikari.HikariDataSource       : HikariPool-1 - Starting...
2024-12-07T00:29:05.601+07:00  INFO 23416 --- [GoldenNest] [main] com.zaxxer.hikari.pool.HikariPool        : HikariPool-1 - Added connection com.mysql.cj.jdbc.ConnectionImpl@23564dd2
2024-12-07T00:29:05.604+07:00  INFO 23416 --- [GoldenNest] [main] com.zaxxer.hikari.HikariDataSource       : HikariPool-1 - Start completed.
2024-12-07T00:29:05.715+07:00  INFO 23416 --- [GoldenNest] [main] o.f.c.internal.license.VersionPrinter    : Flyway Community Edition 9.22.3 by Redgate
2024-12-07T00:29:05.715+07:00  INFO 23416 --- [GoldenNest] [main] o.f.c.internal.license.VersionPrinter    : See release notes here: https://rd.gt/416ObMi
2024-12-07T00:29:05.715+07:00  INFO 23416 --- [GoldenNest] [main] o.f.c.internal.license.VersionPrinter    : 
2024-12-07T00:29:05.741+07:00  INFO 23416 --- [GoldenNest] [main] org.flywaydb.core.FlywayExecutor         : Database: jdbc:mysql://localhost:3306/GoldenNest (MySQL 8.0)
2024-12-07T00:29:05.800+07:00  INFO 23416 --- [GoldenNest] [main] o.f.core.internal.command.DbValidate     : Successfully validated 3 migrations (execution time 00:00.032s)
2024-12-07T00:29:05.823+07:00  INFO 23416 --- [GoldenNest] [main] o.f.core.internal.command.DbMigrate      : Current version of schema `goldennest`: 3
2024-12-07T00:29:05.826+07:00  INFO 23416 --- [GoldenNest] [main] o.f.core.internal.command.DbMigrate      : Schema `goldennest` is up to date. No migration necessary.
2024-12-07T00:29:08.888+07:00  INFO 23416 --- [GoldenNest] [main] o.s.s.web.DefaultSecurityFilterChain     : Will secure any request with [org.springframework.security.web.session.DisableEncodeUrlFilter@505e483f, org.springframework.security.web.context.request.async.WebAsyncManagerIntegrationFilter@f81bd2c, org.springframework.security.web.context.SecurityContextHolderFilter@621a7d83, org.springframework.security.web.header.HeaderWriterFilter@452d4bb2, org.springframework.web.filter.CorsFilter@2fedfff1, org.springframework.security.web.authentication.logout.LogoutFilter@65134e6c, org.springframework.security.web.savedrequest.RequestCacheAwareFilter@7294c9fe, org.springframework.security.web.servletapi.SecurityContextHolderAwareRequestFilter@65e639f2, org.springframework.security.web.authentication.AnonymousAuthenticationFilter@34db5935, org.springframework.security.web.session.SessionManagementFilter@56ed9270, org.springframework.security.web.access.ExceptionTranslationFilter@1a6ab328, org.springframework.security.web.access.intercept.AuthorizationFilter@c358f32]
2024-12-07T00:29:09.307+07:00  INFO 23416 --- [GoldenNest] [main] o.s.b.w.embedded.tomcat.TomcatWebServer  : Tomcat started on port 8080 (http) with context path ''
2024-12-07T00:29:09.318+07:00  INFO 23416 --- [GoldenNest] [main] c.e.GoldenNest.GoldenNestApplication     : Started GoldenNestApplication in 6.676 seconds (process running for 7.2)
2024-12-07T00:29:12.246+07:00  INFO 23416 --- [GoldenNest] [http-nio-8080-exec-1] o.a.c.c.C.[Tomcat].[localhost].[/]       : Initializing Spring DispatcherServlet 'dispatcherServlet'
2024-12-07T00:29:12.246+07:00  INFO 23416 --- [GoldenNest] [http-nio-8080-exec-1] o.s.web.servlet.DispatcherServlet        : Initializing Servlet 'dispatcherServlet'
2024-12-07T00:29:12.247+07:00  INFO 23416 --- [GoldenNest] [http-nio-8080-exec-1] o.s.web.servlet.DispatcherServlet        : Completed initialization in 1 ms
2024-12-07T00:39:00.518+07:00  INFO 23416 --- [GoldenNest] [SpringApplicationShutdownHook] com.zaxxer.hikari.HikariDataSource       : HikariPool-1 - Shutdown initiated...
2024-12-07T00:39:00.526+07:00  INFO 23416 --- [GoldenNest] [SpringApplicationShutdownHook] com.zaxxer.hikari.HikariDataSource       : HikariPool-1 - Shutdown completed.
2024-12-07T00:39:04.341+07:00  INFO 28036 --- [GoldenNest] [main] c.e.GoldenNest.GoldenNestApplication     : Starting GoldenNestApplication using Java 21.0.2 with PID 28036 (E:\NTB Source Code\Back-end\Spring Boot\GoldenNest-BE\target\classes started by ntb09 in E:\NTB Source Code\Back-end\Spring Boot\GoldenNest-BE)
2024-12-07T00:39:04.343+07:00  INFO 28036 --- [GoldenNest] [main] c.e.GoldenNest.GoldenNestApplication     : No active profile set, falling back to 1 default profile: "default"
2024-12-07T00:39:05.231+07:00  INFO 28036 --- [GoldenNest] [main] .s.d.r.c.RepositoryConfigurationDelegate : Bootstrapping Spring Data JPA repositories in DEFAULT mode.
2024-12-07T00:39:05.318+07:00  INFO 28036 --- [GoldenNest] [main] .s.d.r.c.RepositoryConfigurationDelegate : Finished Spring Data repository scanning in 79 ms. Found 7 JPA repository interfaces.
2024-12-07T00:39:06.164+07:00  INFO 28036 --- [GoldenNest] [main] o.s.b.w.embedded.tomcat.TomcatWebServer  : Tomcat initialized with port 8080 (http)
2024-12-07T00:39:06.186+07:00  INFO 28036 --- [GoldenNest] [main] o.apache.catalina.core.StandardService   : Starting service [Tomcat]
2024-12-07T00:39:06.186+07:00  INFO 28036 --- [GoldenNest] [main] o.apache.catalina.core.StandardEngine    : Starting Servlet engine: [Apache Tomcat/10.1.19]
2024-12-07T00:39:06.292+07:00  INFO 28036 --- [GoldenNest] [main] o.a.c.c.C.[Tomcat].[localhost].[/]       : Initializing Spring embedded WebApplicationContext
2024-12-07T00:39:06.292+07:00  INFO 28036 --- [GoldenNest] [main] w.s.c.ServletWebServerApplicationContext : Root WebApplicationContext: initialization completed in 1899 ms
2024-12-07T00:39:06.454+07:00  INFO 28036 --- [GoldenNest] [main] com.zaxxer.hikari.HikariDataSource       : HikariPool-1 - Starting...
2024-12-07T00:39:06.827+07:00  INFO 28036 --- [GoldenNest] [main] com.zaxxer.hikari.pool.HikariPool        : HikariPool-1 - Added connection com.mysql.cj.jdbc.ConnectionImpl@2dd0a0d0
2024-12-07T00:39:06.829+07:00  INFO 28036 --- [GoldenNest] [main] com.zaxxer.hikari.HikariDataSource       : HikariPool-1 - Start completed.
2024-12-07T00:39:06.940+07:00  INFO 28036 --- [GoldenNest] [main] o.f.c.internal.license.VersionPrinter    : Flyway Community Edition 9.22.3 by Redgate
2024-12-07T00:39:06.940+07:00  INFO 28036 --- [GoldenNest] [main] o.f.c.internal.license.VersionPrinter    : See release notes here: https://rd.gt/416ObMi
2024-12-07T00:39:06.940+07:00  INFO 28036 --- [GoldenNest] [main] o.f.c.internal.license.VersionPrinter    : 
2024-12-07T00:39:06.960+07:00  INFO 28036 --- [GoldenNest] [main] org.flywaydb.core.FlywayExecutor         : Database: jdbc:mysql://localhost:3306/GoldenNest (MySQL 8.0)
2024-12-07T00:39:07.016+07:00  INFO 28036 --- [GoldenNest] [main] o.f.core.internal.command.DbValidate     : Successfully validated 3 migrations (execution time 00:00.036s)
2024-12-07T00:39:07.033+07:00  INFO 28036 --- [GoldenNest] [main] o.f.core.internal.command.DbMigrate      : Current version of schema `goldennest`: 3
2024-12-07T00:39:07.036+07:00  INFO 28036 --- [GoldenNest] [main] o.f.core.internal.command.DbMigrate      : Schema `goldennest` is up to date. No migration necessary.
2024-12-07T00:39:10.260+07:00  INFO 28036 --- [GoldenNest] [main] o.s.s.web.DefaultSecurityFilterChain     : Will secure any request with [org.springframework.security.web.session.DisableEncodeUrlFilter@47166740, org.springframework.security.web.context.request.async.WebAsyncManagerIntegrationFilter@3b75b7b4, org.springframework.security.web.context.SecurityContextHolderFilter@43f4621b, org.springframework.security.web.header.HeaderWriterFilter@406cf37f, org.springframework.web.filter.CorsFilter@7882379b, org.springframework.security.web.authentication.logout.LogoutFilter@420d123d, org.springframework.security.web.savedrequest.RequestCacheAwareFilter@14d43f13, org.springframework.security.web.servletapi.SecurityContextHolderAwareRequestFilter@140449d9, org.springframework.security.web.authentication.AnonymousAuthenticationFilter@119cd026, org.springframework.security.web.session.SessionManagementFilter@698e2cba, org.springframework.security.web.access.ExceptionTranslationFilter@7a98f106, org.springframework.security.web.access.intercept.AuthorizationFilter@1a2b23f2]
2024-12-07T00:39:10.744+07:00  INFO 28036 --- [GoldenNest] [main] o.s.b.w.embedded.tomcat.TomcatWebServer  : Tomcat started on port 8080 (http) with context path ''
2024-12-07T00:39:10.757+07:00  INFO 28036 --- [GoldenNest] [main] c.e.GoldenNest.GoldenNestApplication     : Started GoldenNestApplication in 6.873 seconds (process running for 7.389)
2024-12-07T00:39:12.844+07:00  INFO 28036 --- [GoldenNest] [http-nio-8080-exec-1] o.a.c.c.C.[Tomcat].[localhost].[/]       : Initializing Spring DispatcherServlet 'dispatcherServlet'
2024-12-07T00:39:12.844+07:00  INFO 28036 --- [GoldenNest] [http-nio-8080-exec-1] o.s.web.servlet.DispatcherServlet        : Initializing Servlet 'dispatcherServlet'
2024-12-07T00:39:12.846+07:00  INFO 28036 --- [GoldenNest] [http-nio-8080-exec-1] o.s.web.servlet.DispatcherServlet        : Completed initialization in 1 ms
2024-12-07T00:40:59.692+07:00  INFO 28036 --- [GoldenNest] [SpringApplicationShutdownHook] com.zaxxer.hikari.HikariDataSource       : HikariPool-1 - Shutdown initiated...
2024-12-07T00:40:59.698+07:00  INFO 28036 --- [GoldenNest] [SpringApplicationShutdownHook] com.zaxxer.hikari.HikariDataSource       : HikariPool-1 - Shutdown completed.
2024-12-07T00:42:50.120+07:00  INFO 27408 --- [GoldenNest] [main] c.e.GoldenNest.GoldenNestApplication     : Starting GoldenNestApplication using Java 21.0.2 with PID 27408 (E:\NTB Source Code\Back-end\Spring Boot\GoldenNest-BE\target\classes started by ntb09 in E:\NTB Source Code\Back-end\Spring Boot\GoldenNest-BE)
2024-12-07T00:42:50.122+07:00  INFO 27408 --- [GoldenNest] [main] c.e.GoldenNest.GoldenNestApplication     : No active profile set, falling back to 1 default profile: "default"
2024-12-07T00:42:51.077+07:00  INFO 27408 --- [GoldenNest] [main] .s.d.r.c.RepositoryConfigurationDelegate : Bootstrapping Spring Data JPA repositories in DEFAULT mode.
2024-12-07T00:42:51.173+07:00  INFO 27408 --- [GoldenNest] [main] .s.d.r.c.RepositoryConfigurationDelegate : Finished Spring Data repository scanning in 87 ms. Found 7 JPA repository interfaces.
2024-12-07T00:42:52.091+07:00  INFO 27408 --- [GoldenNest] [main] o.s.b.w.embedded.tomcat.TomcatWebServer  : Tomcat initialized with port 8080 (http)
2024-12-07T00:42:52.112+07:00  INFO 27408 --- [GoldenNest] [main] o.apache.catalina.core.StandardService   : Starting service [Tomcat]
2024-12-07T00:42:52.112+07:00  INFO 27408 --- [GoldenNest] [main] o.apache.catalina.core.StandardEngine    : Starting Servlet engine: [Apache Tomcat/10.1.19]
2024-12-07T00:42:52.208+07:00  INFO 27408 --- [GoldenNest] [main] o.a.c.c.C.[Tomcat].[localhost].[/]       : Initializing Spring embedded WebApplicationContext
2024-12-07T00:42:52.209+07:00  INFO 27408 --- [GoldenNest] [main] w.s.c.ServletWebServerApplicationContext : Root WebApplicationContext: initialization completed in 2039 ms
2024-12-07T00:42:52.354+07:00  INFO 27408 --- [GoldenNest] [main] com.zaxxer.hikari.HikariDataSource       : HikariPool-1 - Starting...
2024-12-07T00:42:52.759+07:00  INFO 27408 --- [GoldenNest] [main] com.zaxxer.hikari.pool.HikariPool        : HikariPool-1 - Added connection com.mysql.cj.jdbc.ConnectionImpl@4e8598d9
2024-12-07T00:42:52.761+07:00  INFO 27408 --- [GoldenNest] [main] com.zaxxer.hikari.HikariDataSource       : HikariPool-1 - Start completed.
2024-12-07T00:42:52.855+07:00  INFO 27408 --- [GoldenNest] [main] o.f.c.internal.license.VersionPrinter    : Flyway Community Edition 9.22.3 by Redgate
2024-12-07T00:42:52.855+07:00  INFO 27408 --- [GoldenNest] [main] o.f.c.internal.license.VersionPrinter    : See release notes here: https://rd.gt/416ObMi
2024-12-07T00:42:52.855+07:00  INFO 27408 --- [GoldenNest] [main] o.f.c.internal.license.VersionPrinter    : 
2024-12-07T00:42:52.874+07:00  INFO 27408 --- [GoldenNest] [main] org.flywaydb.core.FlywayExecutor         : Database: jdbc:mysql://localhost:3306/GoldenNest (MySQL 8.0)
2024-12-07T00:42:52.923+07:00  INFO 27408 --- [GoldenNest] [main] o.f.core.internal.command.DbValidate     : Successfully validated 3 migrations (execution time 00:00.029s)
2024-12-07T00:42:52.938+07:00  INFO 27408 --- [GoldenNest] [main] o.f.core.internal.command.DbMigrate      : Current version of schema `goldennest`: 3
2024-12-07T00:42:52.942+07:00  INFO 27408 --- [GoldenNest] [main] o.f.core.internal.command.DbMigrate      : Schema `goldennest` is up to date. No migration necessary.
2024-12-07T00:42:56.140+07:00  INFO 27408 --- [GoldenNest] [main] o.s.s.web.DefaultSecurityFilterChain     : Will secure any request with [org.springframework.security.web.session.DisableEncodeUrlFilter@7b13ae73, org.springframework.security.web.context.request.async.WebAsyncManagerIntegrationFilter@2dbfb843, org.springframework.security.web.context.SecurityContextHolderFilter@1a99d328, org.springframework.security.web.header.HeaderWriterFilter@1ac9c3cc, org.springframework.web.filter.CorsFilter@5ab2c5d8, org.springframework.security.web.authentication.logout.LogoutFilter@50479c2b, org.springframework.security.web.savedrequest.RequestCacheAwareFilter@31af3f22, org.springframework.security.web.servletapi.SecurityContextHolderAwareRequestFilter@6c418f0b, org.springframework.security.web.authentication.AnonymousAuthenticationFilter@5ec75178, org.springframework.security.web.session.SessionManagementFilter@17eb5661, org.springframework.security.web.access.ExceptionTranslationFilter@672710d5, org.springframework.security.web.access.intercept.AuthorizationFilter@2ceb722e]
2024-12-07T00:42:56.645+07:00  INFO 27408 --- [GoldenNest] [main] o.s.b.w.embedded.tomcat.TomcatWebServer  : Tomcat started on port 8080 (http) with context path ''
2024-12-07T00:42:56.656+07:00  INFO 27408 --- [GoldenNest] [main] c.e.GoldenNest.GoldenNestApplication     : Started GoldenNestApplication in 7.096 seconds (process running for 7.669)
2024-12-07T00:43:00.710+07:00  INFO 27408 --- [GoldenNest] [http-nio-8080-exec-1] o.a.c.c.C.[Tomcat].[localhost].[/]       : Initializing Spring DispatcherServlet 'dispatcherServlet'
2024-12-07T00:43:00.711+07:00  INFO 27408 --- [GoldenNest] [http-nio-8080-exec-1] o.s.web.servlet.DispatcherServlet        : Initializing Servlet 'dispatcherServlet'
2024-12-07T00:43:00.713+07:00  INFO 27408 --- [GoldenNest] [http-nio-8080-exec-1] o.s.web.servlet.DispatcherServlet        : Completed initialization in 1 ms
2024-12-07T00:43:01.843+07:00  INFO 27408 --- [GoldenNest] [http-nio-8080-exec-9] o.springdoc.api.AbstractOpenApiResource  : Init duration for springdoc-openapi is: 825 ms
2024-12-07T00:45:47.115+07:00  INFO 27408 --- [GoldenNest] [SpringApplicationShutdownHook] com.zaxxer.hikari.HikariDataSource       : HikariPool-1 - Shutdown initiated...
2024-12-07T00:45:47.121+07:00  INFO 27408 --- [GoldenNest] [SpringApplicationShutdownHook] com.zaxxer.hikari.HikariDataSource       : HikariPool-1 - Shutdown completed.
