2024-12-05T13:05:41.229+07:00  INFO 3016 --- [GoldenNest] [main] c.e.GoldenNest.GoldenNestApplication     : Starting GoldenNestApplication using Java 21.0.2 with PID 3016 (E:\NTB Source Code\Back-end\Spring Boot\GoldenNest-BE\target\classes started by ntb09 in E:\NTB Source Code\Back-end\Spring Boot\GoldenNest-BE)
2024-12-05T13:05:41.231+07:00  INFO 3016 --- [GoldenNest] [main] c.e.GoldenNest.GoldenNestApplication     : No active profile set, falling back to 1 default profile: "default"
2024-12-05T13:05:42.054+07:00  INFO 3016 --- [GoldenNest] [main] .s.d.r.c.RepositoryConfigurationDelegate : Bootstrapping Spring Data JPA repositories in DEFAULT mode.
2024-12-05T13:05:42.114+07:00  INFO 3016 --- [GoldenNest] [main] .s.d.r.c.RepositoryConfigurationDelegate : Finished Spring Data repository scanning in 52 ms. Found 2 JPA repository interfaces.
2024-12-05T13:05:42.869+07:00  INFO 3016 --- [GoldenNest] [main] o.s.b.w.embedded.tomcat.TomcatWebServer  : Tomcat initialized with port 8083 (http)
2024-12-05T13:05:42.878+07:00  INFO 3016 --- [GoldenNest] [main] o.apache.catalina.core.StandardService   : Starting service [Tomcat]
2024-12-05T13:05:42.878+07:00  INFO 3016 --- [GoldenNest] [main] o.apache.catalina.core.StandardEngine    : Starting Servlet engine: [Apache Tomcat/10.1.19]
2024-12-05T13:05:42.972+07:00  INFO 3016 --- [GoldenNest] [main] o.a.c.c.C.[Tomcat].[localhost].[/]       : Initializing Spring embedded WebApplicationContext
2024-12-05T13:05:42.974+07:00  INFO 3016 --- [GoldenNest] [main] w.s.c.ServletWebServerApplicationContext : Root WebApplicationContext: initialization completed in 1698 ms
2024-12-05T13:05:43.122+07:00  INFO 3016 --- [GoldenNest] [main] com.zaxxer.hikari.HikariDataSource       : HikariPool-1 - Starting...
2024-12-05T13:05:43.575+07:00  INFO 3016 --- [GoldenNest] [main] com.zaxxer.hikari.pool.HikariPool        : HikariPool-1 - Added connection com.mysql.cj.jdbc.ConnectionImpl@3ace6346
2024-12-05T13:05:43.577+07:00  INFO 3016 --- [GoldenNest] [main] com.zaxxer.hikari.HikariDataSource       : HikariPool-1 - Start completed.
2024-12-05T13:05:43.683+07:00  INFO 3016 --- [GoldenNest] [main] o.f.c.internal.license.VersionPrinter    : Flyway Community Edition 9.22.3 by Redgate
2024-12-05T13:05:43.684+07:00  INFO 3016 --- [GoldenNest] [main] o.f.c.internal.license.VersionPrinter    : See release notes here: https://rd.gt/416ObMi
2024-12-05T13:05:43.684+07:00  INFO 3016 --- [GoldenNest] [main] o.f.c.internal.license.VersionPrinter    : 
2024-12-05T13:05:43.704+07:00  INFO 3016 --- [GoldenNest] [main] org.flywaydb.core.FlywayExecutor         : Database: jdbc:mysql://localhost:3306/GoldenNest (MySQL 8.0)
2024-12-05T13:05:43.761+07:00  INFO 3016 --- [GoldenNest] [main] o.f.core.internal.command.DbValidate     : Successfully validated 3 migrations (execution time 00:00.027s)
2024-12-05T13:05:43.778+07:00  INFO 3016 --- [GoldenNest] [main] o.f.core.internal.command.DbMigrate      : Current version of schema `goldennest`: 3
2024-12-05T13:05:43.783+07:00  INFO 3016 --- [GoldenNest] [main] o.f.core.internal.command.DbMigrate      : Schema `goldennest` is up to date. No migration necessary.
2024-12-05T13:05:46.420+07:00  INFO 3016 --- [GoldenNest] [main] o.s.s.web.DefaultSecurityFilterChain     : Will secure any request with [org.springframework.security.web.session.DisableEncodeUrlFilter@39153b05, org.springframework.security.web.context.request.async.WebAsyncManagerIntegrationFilter@26fee641, org.springframework.security.web.context.SecurityContextHolderFilter@6c4f48e2, org.springframework.security.web.header.HeaderWriterFilter@45c73e09, org.springframework.web.filter.CorsFilter@32fb4a87, org.springframework.security.web.authentication.logout.LogoutFilter@594793d1, org.springframework.security.web.savedrequest.RequestCacheAwareFilter@4194a77f, org.springframework.security.web.servletapi.SecurityContextHolderAwareRequestFilter@3c55e9d4, org.springframework.security.web.authentication.AnonymousAuthenticationFilter@37ecc472, org.springframework.security.web.session.SessionManagementFilter@1314ccc1, org.springframework.security.web.access.ExceptionTranslationFilter@64a74723, org.springframework.security.web.access.intercept.AuthorizationFilter@755c29b0]
2024-12-05T13:05:46.938+07:00  INFO 3016 --- [GoldenNest] [main] o.s.b.w.embedded.tomcat.TomcatWebServer  : Tomcat started on port 8083 (http) with context path ''
2024-12-05T13:05:46.946+07:00  INFO 3016 --- [GoldenNest] [main] c.e.GoldenNest.GoldenNestApplication     : Started GoldenNestApplication in 6.213 seconds (process running for 6.754)
2024-12-05T13:05:59.561+07:00  INFO 3016 --- [GoldenNest] [SpringApplicationShutdownHook] com.zaxxer.hikari.HikariDataSource       : HikariPool-1 - Shutdown initiated...
2024-12-05T13:05:59.568+07:00  INFO 3016 --- [GoldenNest] [SpringApplicationShutdownHook] com.zaxxer.hikari.HikariDataSource       : HikariPool-1 - Shutdown completed.
